07-Jul-2023 14:14:42.540 重大 [http-nio-8080-exec-312] org.apache.catalina.core.StandardWrapperValve.invoke パス[/c0a211351b]を持つコンテキスト内のサーブレット[pnw.UsersProcessServlet]のServlet.service() が例外[JSPのクラスをコンパイルできません: 

JSPファイル: [/user/cart.jsp] の中の[20]行目でエラーが発生しました
Duplicate local variable user
17: 
18: <%-- ようこそ<%=user.getNickName()%>さん --%>
19: <%
20: UsersBean user = (UsersBean) request.getAttribute("user");
21: if (user != null) {
22:     out.print("ようこそ" + user.getNickName() + "さん");
23: }


Stacktrace:]が根本的要因と共に投げられました。
	org.apache.jasper.JasperException: JSPのクラスをコンパイルできません: 

JSPファイル: [/user/cart.jsp] の中の[20]行目でエラーが発生しました
Duplicate local variable user
17: 
18: <%-- ようこそ<%=user.getNickName()%>さん --%>
19: <%
20: UsersBean user = (UsersBean) request.getAttribute("user");
21: if (user != null) {
22:     out.print("ようこそ" + user.getNickName() + "さん");
23: }


Stacktrace:
		at org.apache.jasper.compiler.DefaultErrorHandler.javacError(DefaultErrorHandler.java:103)
		at org.apache.jasper.compiler.ErrorDispatcher.javacError(ErrorDispatcher.java:213)
		at org.apache.jasper.compiler.JDTCompiler.generateClass(JDTCompiler.java:481)
		at org.apache.jasper.compiler.Compiler.compile(Compiler.java:398)
		at org.apache.jasper.compiler.Compiler.compile(Compiler.java:368)
		at org.apache.jasper.compiler.Compiler.compile(Compiler.java:352)
		at org.apache.jasper.JspCompilationContext.compile(JspCompilationContext.java:605)
		at org.apache.jasper.servlet.JspServletWrapper.service(JspServletWrapper.java:400)
		at org.apache.jasper.servlet.JspServlet.serviceJspFile(JspServlet.java:378)
		at org.apache.jasper.servlet.JspServlet.service(JspServlet.java:326)
		at javax.servlet.http.HttpServlet.service(HttpServlet.java:733)
		at org.apache.catalina.core.ApplicationFilterChain.internalDoFilter(ApplicationFilterChain.java:227)
		at org.apache.catalina.core.ApplicationFilterChain.doFilter(ApplicationFilterChain.java:162)
		at org.apache.tomcat.websocket.server.WsFilter.doFilter(WsFilter.java:53)
		at org.apache.catalina.core.ApplicationFilterChain.internalDoFilter(ApplicationFilterChain.java:189)
		at org.apache.catalina.core.ApplicationFilterChain.doFilter(ApplicationFilterChain.java:162)
		at org.apache.catalina.core.ApplicationDispatcher.invoke(ApplicationDispatcher.java:710)
		at org.apache.catalina.core.ApplicationDispatcher.processRequest(ApplicationDispatcher.java:457)
		at org.apache.catalina.core.ApplicationDispatcher.doForward(ApplicationDispatcher.java:384)
		at org.apache.catalina.core.ApplicationDispatcher.forward(ApplicationDispatcher.java:312)
		at pnw.UsersProcessServlet.doGet(Unknown Source)
		at pnw.UsersProcessServlet.doPost(Unknown Source)
		at javax.servlet.http.HttpServlet.service(HttpServlet.java:652)
--
07-Jul-2023 16:31:06.266 重大 [http-nio-8080-exec-2187] org.apache.catalina.core.StandardWrapperValve.invoke パス[/c0a211351b]を持つコンテキスト内のサーブレット[pnw.UsersProcessServlet]のServlet.service() が例外[JSPのクラスをコンパイルできません: 

JSPファイル: [/user/cart.jsp] の中の[17]行目でエラーが発生しました
getNickName cannot be resolved or is not a field
14:         %>
15: 
16:         <body style="background-color: rgb(176, 172, 248);">
17:             <h1 style="text-align: center;"><%=user.getNickName%>さんの注文ページ</h1>
18:             <p style="text-align: right;">商品のラインナップを知りたい方は<a href="http://pnw.cloud.cs.priv.teu.ac.jp:8080/c0a2111648/misuta/stock.jsp">こちら</a></p>
19: 
20: 


Stacktrace:]が根本的要因と共に投げられました。
	org.apache.jasper.JasperException: JSPのクラスをコンパイルできません: 

JSPファイル: [/user/cart.jsp] の中の[17]行目でエラーが発生しました
getNickName cannot be resolved or is not a field
14:         %>
15: 
16:         <body style="background-color: rgb(176, 172, 248);">
17:             <h1 style="text-align: center;"><%=user.getNickName%>さんの注文ページ</h1>
18:             <p style="text-align: right;">商品のラインナップを知りたい方は<a href="http://pnw.cloud.cs.priv.teu.ac.jp:8080/c0a2111648/misuta/stock.jsp">こちら</a></p>
19: 
20: 


Stacktrace:
		at org.apache.jasper.compiler.DefaultErrorHandler.javacError(DefaultErrorHandler.java:103)
		at org.apache.jasper.compiler.ErrorDispatcher.javacError(ErrorDispatcher.java:213)
		at org.apache.jasper.compiler.JDTCompiler.generateClass(JDTCompiler.java:481)
		at org.apache.jasper.compiler.Compiler.compile(Compiler.java:398)
		at org.apache.jasper.compiler.Compiler.compile(Compiler.java:368)
		at org.apache.jasper.compiler.Compiler.compile(Compiler.java:352)
		at org.apache.jasper.JspCompilationContext.compile(JspCompilationContext.java:605)
		at org.apache.jasper.servlet.JspServletWrapper.service(JspServletWrapper.java:400)
		at org.apache.jasper.servlet.JspServlet.serviceJspFile(JspServlet.java:378)
		at org.apache.jasper.servlet.JspServlet.service(JspServlet.java:326)
		at javax.servlet.http.HttpServlet.service(HttpServlet.java:733)
		at org.apache.catalina.core.ApplicationFilterChain.internalDoFilter(ApplicationFilterChain.java:227)
		at org.apache.catalina.core.ApplicationFilterChain.doFilter(ApplicationFilterChain.java:162)
		at org.apache.tomcat.websocket.server.WsFilter.doFilter(WsFilter.java:53)
		at org.apache.catalina.core.ApplicationFilterChain.internalDoFilter(ApplicationFilterChain.java:189)
		at org.apache.catalina.core.ApplicationFilterChain.doFilter(ApplicationFilterChain.java:162)
		at org.apache.catalina.core.ApplicationDispatcher.invoke(ApplicationDispatcher.java:710)
		at org.apache.catalina.core.ApplicationDispatcher.processRequest(ApplicationDispatcher.java:457)
		at org.apache.catalina.core.ApplicationDispatcher.doForward(ApplicationDispatcher.java:384)
		at org.apache.catalina.core.ApplicationDispatcher.forward(ApplicationDispatcher.java:312)
		at pnw.UsersProcessServlet.doGet(Unknown Source)
		at pnw.UsersProcessServlet.doPost(Unknown Source)
		at javax.servlet.http.HttpServlet.service(HttpServlet.java:652)
--
07-Jul-2023 16:39:44.276 重大 [http-nio-8080-exec-2366] org.apache.catalina.core.StandardWrapperValve.invoke パス[/c0a211351b]を持つコンテキスト内のサーブレット[pnw.UsersProcessServlet]のServlet.service() が例外[JSPのクラスをコンパイルできません: 

JSPファイル: [/user/cart.jsp] の中の[17]行目でエラーが発生しました
getNickName cannot be resolved or is not a field
14:         %>
15: 
16:         <body style="background-color: rgb(176, 172, 248);">
17:             <h1 style="text-align: center;"><%=user.getNickName%>さんの注文ページ</h1>
18:             <p style="text-align: right;">商品のラインナップを知りたい方は<a href="http://pnw.cloud.cs.priv.teu.ac.jp:8080/c0a2111648/misuta/stock.jsp">こちら</a></p>
19: 
20: 


Stacktrace:]が根本的要因と共に投げられました。
	org.apache.jasper.JasperException: JSPのクラスをコンパイルできません: 

JSPファイル: [/user/cart.jsp] の中の[17]行目でエラーが発生しました
getNickName cannot be resolved or is not a field
14:         %>
15: 
16:         <body style="background-color: rgb(176, 172, 248);">
17:             <h1 style="text-align: center;"><%=user.getNickName%>さんの注文ページ</h1>
18:             <p style="text-align: right;">商品のラインナップを知りたい方は<a href="http://pnw.cloud.cs.priv.teu.ac.jp:8080/c0a2111648/misuta/stock.jsp">こちら</a></p>
19: 
20: 


Stacktrace:
		at org.apache.jasper.compiler.DefaultErrorHandler.javacError(DefaultErrorHandler.java:103)
		at org.apache.jasper.compiler.ErrorDispatcher.javacError(ErrorDispatcher.java:213)
		at org.apache.jasper.compiler.JDTCompiler.generateClass(JDTCompiler.java:481)
		at org.apache.jasper.compiler.Compiler.compile(Compiler.java:398)
		at org.apache.jasper.compiler.Compiler.compile(Compiler.java:368)
		at org.apache.jasper.compiler.Compiler.compile(Compiler.java:352)
		at org.apache.jasper.JspCompilationContext.compile(JspCompilationContext.java:605)
		at org.apache.jasper.servlet.JspServletWrapper.service(JspServletWrapper.java:400)
		at org.apache.jasper.servlet.JspServlet.serviceJspFile(JspServlet.java:378)
		at org.apache.jasper.servlet.JspServlet.service(JspServlet.java:326)
		at javax.servlet.http.HttpServlet.service(HttpServlet.java:733)
		at org.apache.catalina.core.ApplicationFilterChain.internalDoFilter(ApplicationFilterChain.java:227)
		at org.apache.catalina.core.ApplicationFilterChain.doFilter(ApplicationFilterChain.java:162)
		at org.apache.tomcat.websocket.server.WsFilter.doFilter(WsFilter.java:53)
		at org.apache.catalina.core.ApplicationFilterChain.internalDoFilter(ApplicationFilterChain.java:189)
		at org.apache.catalina.core.ApplicationFilterChain.doFilter(ApplicationFilterChain.java:162)
		at org.apache.catalina.core.ApplicationDispatcher.invoke(ApplicationDispatcher.java:710)
		at org.apache.catalina.core.ApplicationDispatcher.processRequest(ApplicationDispatcher.java:457)
		at org.apache.catalina.core.ApplicationDispatcher.doForward(ApplicationDispatcher.java:384)
		at org.apache.catalina.core.ApplicationDispatcher.forward(ApplicationDispatcher.java:312)
		at pnw.UsersProcessServlet.doGet(Unknown Source)
		at pnw.UsersProcessServlet.doPost(Unknown Source)
		at javax.servlet.http.HttpServlet.service(HttpServlet.java:652)
--
07-Jul-2023 16:39:59.210 重大 [http-nio-8080-exec-2378] org.apache.catalina.core.StandardWrapperValve.invoke パス[/c0a211351b]を持つコンテキスト内のサーブレット[pnw.UsersProcessServlet]のServlet.service() が例外[JSPのクラスをコンパイルできません: 

JSPファイル: [/user/cart.jsp] の中の[17]行目でエラーが発生しました
getNickName cannot be resolved or is not a field
14:         %>
15: 
16:         <body style="background-color: rgb(176, 172, 248);">
17:             <h1 style="text-align: center;"><%=user.getNickName%>さんの注文ページ</h1>
18:             <p style="text-align: right;">商品のラインナップを知りたい方は<a href="http://pnw.cloud.cs.priv.teu.ac.jp:8080/c0a2111648/misuta/stock.jsp">こちら</a></p>
19: 
20: 


Stacktrace:]が根本的要因と共に投げられました。
	org.apache.jasper.JasperException: JSPのクラスをコンパイルできません: 

JSPファイル: [/user/cart.jsp] の中の[17]行目でエラーが発生しました
getNickName cannot be resolved or is not a field
14:         %>
15: 
16:         <body style="background-color: rgb(176, 172, 248);">
17:             <h1 style="text-align: center;"><%=user.getNickName%>さんの注文ページ</h1>
18:             <p style="text-align: right;">商品のラインナップを知りたい方は<a href="http://pnw.cloud.cs.priv.teu.ac.jp:8080/c0a2111648/misuta/stock.jsp">こちら</a></p>
19: 
20: 


Stacktrace:
		at org.apache.jasper.compiler.DefaultErrorHandler.javacError(DefaultErrorHandler.java:103)
		at org.apache.jasper.compiler.ErrorDispatcher.javacError(ErrorDispatcher.java:213)
		at org.apache.jasper.compiler.JDTCompiler.generateClass(JDTCompiler.java:481)
		at org.apache.jasper.compiler.Compiler.compile(Compiler.java:398)
		at org.apache.jasper.compiler.Compiler.compile(Compiler.java:368)
		at org.apache.jasper.compiler.Compiler.compile(Compiler.java:352)
		at org.apache.jasper.JspCompilationContext.compile(JspCompilationContext.java:605)
		at org.apache.jasper.servlet.JspServletWrapper.service(JspServletWrapper.java:400)
		at org.apache.jasper.servlet.JspServlet.serviceJspFile(JspServlet.java:378)
		at org.apache.jasper.servlet.JspServlet.service(JspServlet.java:326)
		at javax.servlet.http.HttpServlet.service(HttpServlet.java:733)
		at org.apache.catalina.core.ApplicationFilterChain.internalDoFilter(ApplicationFilterChain.java:227)
		at org.apache.catalina.core.ApplicationFilterChain.doFilter(ApplicationFilterChain.java:162)
		at org.apache.tomcat.websocket.server.WsFilter.doFilter(WsFilter.java:53)
		at org.apache.catalina.core.ApplicationFilterChain.internalDoFilter(ApplicationFilterChain.java:189)
		at org.apache.catalina.core.ApplicationFilterChain.doFilter(ApplicationFilterChain.java:162)
		at org.apache.catalina.core.ApplicationDispatcher.invoke(ApplicationDispatcher.java:710)
		at org.apache.catalina.core.ApplicationDispatcher.processRequest(ApplicationDispatcher.java:457)
		at org.apache.catalina.core.ApplicationDispatcher.doForward(ApplicationDispatcher.java:384)
		at org.apache.catalina.core.ApplicationDispatcher.forward(ApplicationDispatcher.java:312)
		at pnw.UsersProcessServlet.doGet(Unknown Source)
		at pnw.UsersProcessServlet.doPost(Unknown Source)
		at javax.servlet.http.HttpServlet.service(HttpServlet.java:652)
--
07-Jul-2023 16:45:54.578 重大 [http-nio-8080-exec-2506] org.apache.catalina.core.StandardWrapperValve.invoke パス[/c0a211351b]を持つコンテキスト内のサーブレット[pnw.UsersProcessServlet]のServlet.service() が例外[JSPのクラスをコンパイルできません: 

JSPファイル: [/user/cart.jsp] の中の[17]行目でエラーが発生しました
getNickName cannot be resolved or is not a field
14:         %>
15: 
16:         <body style="background-color: rgb(176, 172, 248);">
17:             <h1 style="text-align: center;"><%=user.getNickName%>さんの注文ページ</h1><br>
18:             <h1 style="text-align: center;">あなたのIDは<%=user.getDockedNumber%>です</h1>
19:             <p style="text-align: right;">商品のラインナップを知りたい方は<a href="http://pnw.cloud.cs.priv.teu.ac.jp:8080/c0a2111648/misuta/stock.jsp">こちら</a></p>
20: 


JSPファイル: [/user/cart.jsp] の中の[18]行目でエラーが発生しました
getDockedNumber cannot be resolved or is not a field
15: 
16:         <body style="background-color: rgb(176, 172, 248);">
17:             <h1 style="text-align: center;"><%=user.getNickName%>さんの注文ページ</h1><br>
18:             <h1 style="text-align: center;">あなたのIDは<%=user.getDockedNumber%>です</h1>
19:             <p style="text-align: right;">商品のラインナップを知りたい方は<a href="http://pnw.cloud.cs.priv.teu.ac.jp:8080/c0a2111648/misuta/stock.jsp">こちら</a></p>
20: 
21: 


Stacktrace:]が根本的要因と共に投げられました。
	org.apache.jasper.JasperException: JSPのクラスをコンパイルできません: 

JSPファイル: [/user/cart.jsp] の中の[17]行目でエラーが発生しました
getNickName cannot be resolved or is not a field
14:         %>
15: 
16:         <body style="background-color: rgb(176, 172, 248);">
17:             <h1 style="text-align: center;"><%=user.getNickName%>さんの注文ページ</h1><br>
18:             <h1 style="text-align: center;">あなたのIDは<%=user.getDockedNumber%>です</h1>
19:             <p style="text-align: right;">商品のラインナップを知りたい方は<a href="http://pnw.cloud.cs.priv.teu.ac.jp:8080/c0a2111648/misuta/stock.jsp">こちら</a></p>
20: 


JSPファイル: [/user/cart.jsp] の中の[18]行目でエラーが発生しました
getDockedNumber cannot be resolved or is not a field
15: 
16:         <body style="background-color: rgb(176, 172, 248);">
17:             <h1 style="text-align: center;"><%=user.getNickName%>さんの注文ページ</h1><br>
18:             <h1 style="text-align: center;">あなたのIDは<%=user.getDockedNumber%>です</h1>
19:             <p style="text-align: right;">商品のラインナップを知りたい方は<a href="http://pnw.cloud.cs.priv.teu.ac.jp:8080/c0a2111648/misuta/stock.jsp">こちら</a></p>
20: 
21: 


Stacktrace:
		at org.apache.jasper.compiler.DefaultErrorHandler.javacError(DefaultErrorHandler.java:103)
